[[1;34mINFO[m] Scanning for projects...
[[1;34mINFO[m] 
[[1;34mINFO[m] [1m--------------------------< [0;36mie.ucd:Generator[0;1m >--------------------------[m
[[1;34mINFO[m] [1mBuilding Generator 1.0[m
[[1;34mINFO[m] [1m--------------------------------[ jar ]---------------------------------[m
[[1;34mINFO[m] 
[[1;34mINFO[m] [1m--- [0;32mmaven-clean-plugin:2.5:clean[m [1m(default-clean)[m @ [36mGenerator[0;1m ---[m
[[1;34mINFO[m] Deleting /home/ankish/Documents/call-for-cthulu/target
[[1;34mINFO[m] [1m------------------------------------------------------------------------[m
[[1;34mINFO[m] [1;32mBUILD SUCCESS[m
[[1;34mINFO[m] [1m------------------------------------------------------------------------[m
[[1;34mINFO[m] Total time:  0.364 s
[[1;34mINFO[m] Finished at: 2020-04-11T12:06:49+01:00
[[1;34mINFO[m] [1m------------------------------------------------------------------------[m
[[1;34mINFO[m] Scanning for projects...
[[1;34mINFO[m] 
[[1;34mINFO[m] [1m--------------------------< [0;36mie.ucd:Generator[0;1m >--------------------------[m
[[1;34mINFO[m] [1mBuilding Generator 1.0[m
[[1;34mINFO[m] [1m--------------------------------[ jar ]---------------------------------[m
[[1;34mINFO[m] 
[[1;34mINFO[m] [1m--- [0;32mmaven-resources-plugin:2.6:resources[m [1m(default-resources)[m @ [36mGenerator[0;1m ---[m
[[1;33mWARNING[m] Using platform encoding (UTF-8 actually) to copy filtered resources, i.e. build is platform dependent!
[[1;34mINFO[m] Copying 36 resources
[[1;34mINFO[m] 
[[1;34mINFO[m] [1m--- [0;32mmaven-compiler-plugin:3.8.1:compile[m [1m(default-compile)[m @ [36mGenerator[0;1m ---[m
[[1;34mINFO[m] Changes detected - recompiling the module!
[[1;33mWARNING[m] File encoding has not been set, using platform encoding UTF-8, i.e. build is platform dependent!
[[1;34mINFO[m] Compiling 14 source files to /home/ankish/Documents/call-for-cthulu/target/classes
[[1;34mINFO[m] 
[[1;34mINFO[m] [1m--- [0;32mmaven-resources-plugin:2.6:testResources[m [1m(default-testResources)[m @ [36mGenerator[0;1m ---[m
[[1;33mWARNING[m] Using platform encoding (UTF-8 actually) to copy filtered resources, i.e. build is platform dependent!
[[1;34mINFO[m] skip non existing resourceDirectory /home/ankish/Documents/call-for-cthulu/src/test/resources
[[1;34mINFO[m] 
[[1;34mINFO[m] [1m--- [0;32mmaven-compiler-plugin:3.8.1:testCompile[m [1m(default-testCompile)[m @ [36mGenerator[0;1m ---[m
[[1;34mINFO[m] Changes detected - recompiling the module!
[[1;33mWARNING[m] File encoding has not been set, using platform encoding UTF-8, i.e. build is platform dependent!
[[1;34mINFO[m] Compiling 5 source files to /home/ankish/Documents/call-for-cthulu/target/test-classes
[[1;34mINFO[m] 
[[1;34mINFO[m] [1m--- [0;32mmaven-surefire-plugin:2.22.2:test[m [1m(default-test)[m @ [36mGenerator[0;1m ---[m
[[1;34mINFO[m] 
[[1;34mINFO[m] -------------------------------------------------------
[[1;34mINFO[m]  T E S T S
[[1;34mINFO[m] -------------------------------------------------------
[[1;34mINFO[m] Running [1mStaffMemberTest[m
Setting StaffMemberTest up!
Running: testInitiailization
Running: tearDown
[[1;34mINFO[m] [1;32mTests run: [0;1;32m1[m, Failures: 0, Errors: 0, Skipped: 0, Time elapsed: 0.061 s - in [1mStaffMemberTest[m
[[1;34mINFO[m] Running [1mStudentTest[m
Setting StudentTest up!
Running: testInitiailization
Running: tearDown
[[1;34mINFO[m] [1;32mTests run: [0;1;32m1[m, Failures: 0, Errors: 0, Skipped: 0, Time elapsed: 0.001 s - in [1mStudentTest[m
[[1;34mINFO[m] Running [1mProjectTest[m
Setting ProjectTest up!
Running: testInitiailization
Running: tearDown
Setting ProjectTest up!
Running: testHasCompatibleStream
Running: tearDown
[[1;34mINFO[m] [1;32mTests run: [0;1;32m2[m, Failures: 0, Errors: 0, Skipped: 0, Time elapsed: 0 s - in [1mProjectTest[m
[[1;34mINFO[m] 
[[1;34mINFO[m] Results:
[[1;34mINFO[m] 
[[1;34mINFO[m] [1;32mTests run: 4, Failures: 0, Errors: 0, Skipped: 0[m
[[1;34mINFO[m] 
[[1;34mINFO[m] 
[[1;34mINFO[m] [1m--- [0;32mmaven-jar-plugin:3.2.0:jar[m [1m(default-jar)[m @ [36mGenerator[0;1m ---[m
[[1;34mINFO[m] Building jar: /home/ankish/Documents/call-for-cthulu/target/Generator.jar
[[1;34mINFO[m] 
[[1;34mINFO[m] [1m--- [0;32mmaven-shade-plugin:1.6:shade[m [1m(default)[m @ [36mGenerator[0;1m ---[m
[[1;34mINFO[m] Including com.opencsv:opencsv:jar:4.0 in the shaded jar.
[[1;34mINFO[m] Including org.apache.commons:commons-lang3:jar:3.6 in the shaded jar.
[[1;34mINFO[m] Including org.apache.commons:commons-text:jar:1.1 in the shaded jar.
[[1;34mINFO[m] Including commons-beanutils:commons-beanutils:jar:1.9.3 in the shaded jar.
[[1;34mINFO[m] Including commons-logging:commons-logging:jar:1.2 in the shaded jar.
[[1;34mINFO[m] Including commons-collections:commons-collections:jar:3.2.2 in the shaded jar.
[[1;34mINFO[m] Including org.apache.poi:poi:jar:4.0.1 in the shaded jar.
[[1;34mINFO[m] Including commons-codec:commons-codec:jar:1.11 in the shaded jar.
[[1;34mINFO[m] Including org.apache.commons:commons-collections4:jar:4.2 in the shaded jar.
[[1;34mINFO[m] Including org.apache.poi:poi-ooxml:jar:4.0.1 in the shaded jar.
[[1;34mINFO[m] Including org.apache.poi:poi-ooxml-schemas:jar:4.0.1 in the shaded jar.
[[1;34mINFO[m] Including org.apache.xmlbeans:xmlbeans:jar:3.0.2 in the shaded jar.
[[1;34mINFO[m] Including org.apache.commons:commons-compress:jar:1.18 in the shaded jar.
[[1;34mINFO[m] Including com.github.virtuald:curvesapi:jar:1.05 in the shaded jar.
[[1;34mINFO[m] Including org.apache.commons:commons-math3:jar:3.6.1 in the shaded jar.
[[1;34mINFO[m] Including org.junit.platform:junit-platform-surefire-provider:jar:1.3.2 in the shaded jar.
[[1;34mINFO[m] Including org.apiguardian:apiguardian-api:jar:1.0.0 in the shaded jar.
[[1;34mINFO[m] Including org.junit.platform:junit-platform-launcher:jar:1.3.2 in the shaded jar.
[[1;34mINFO[m] Including org.apache.maven.surefire:surefire-api:jar:2.22.0 in the shaded jar.
[[1;34mINFO[m] Including org.apache.maven.surefire:surefire-logger-api:jar:2.22.0 in the shaded jar.
[[1;34mINFO[m] Including org.apache.maven.surefire:common-java5:jar:2.22.0 in the shaded jar.
[[1;34mINFO[m] Including org.opentest4j:opentest4j:jar:1.2.0 in the shaded jar.
[[1;34mINFO[m] Including org.junit.platform:junit-platform-commons:jar:1.6.1 in the shaded jar.
[[1;34mINFO[m] Including org.junit.jupiter:junit-jupiter-engine:jar:5.6.1 in the shaded jar.
[[1;34mINFO[m] Including org.junit.platform:junit-platform-engine:jar:1.6.1 in the shaded jar.
[[1;33mWARNING[m] We have a duplicate org/apache/maven/surefire/report/SafeThrowable.class in /home/ankish/.m2/repository/org/apache/maven/surefire/common-java5/2.22.0/common-java5-2.22.0.jar
[[1;33mWARNING[m] We have a duplicate org/apache/maven/surefire/report/StackTraceWriter.class in /home/ankish/.m2/repository/org/apache/maven/surefire/common-java5/2.22.0/common-java5-2.22.0.jar
[[1;33mWARNING[m] We have a duplicate org/apache/maven/surefire/util/internal/StringUtils.class in /home/ankish/.m2/repository/org/apache/maven/surefire/common-java5/2.22.0/common-java5-2.22.0.jar
[[1;33mWARNING[m] We have a duplicate org/apache/maven/surefire/util/internal/StringUtils$1.class in /home/ankish/.m2/repository/org/apache/maven/surefire/common-java5/2.22.0/common-java5-2.22.0.jar
[[1;33mWARNING[m] We have a duplicate org/apache/maven/surefire/util/internal/StringUtils$EncodedArray.class in /home/ankish/.m2/repository/org/apache/maven/surefire/common-java5/2.22.0/common-java5-2.22.0.jar
[[1;33mWARNING[m] We have a duplicate module-info.class in /home/ankish/.m2/repository/org/junit/platform/junit-platform-commons/1.6.1/junit-platform-commons-1.6.1.jar
[[1;33mWARNING[m] We have a duplicate module-info.class in /home/ankish/.m2/repository/org/junit/jupiter/junit-jupiter-engine/5.6.1/junit-jupiter-engine-5.6.1.jar
[[1;33mWARNING[m] We have a duplicate module-info.class in /home/ankish/.m2/repository/org/junit/platform/junit-platform-engine/1.6.1/junit-platform-engine-1.6.1.jar
[[1;34mINFO[m] Replacing original artifact with shaded artifact.
[[1;34mINFO[m] Replacing /home/ankish/Documents/call-for-cthulu/target/Generator.jar with /home/ankish/Documents/call-for-cthulu/target/Generator-1.0-shaded.jar
[[1;34mINFO[m] 
[[1;34mINFO[m] [1m--- [0;32mmaven-dependency-plugin:2.8:copy-dependencies[m [1m(copy-dependencies)[m @ [36mGenerator[0;1m ---[m
[[1;34mINFO[m] Copying poi-4.0.1.jar to /home/ankish/Documents/call-for-cthulu/target/lib/poi-4.0.1.jar
[[1;34mINFO[m] Copying surefire-logger-api-2.22.0.jar to /home/ankish/Documents/call-for-cthulu/target/lib/surefire-logger-api-2.22.0.jar
[[1;34mINFO[m] Copying poi-ooxml-schemas-4.0.1.jar to /home/ankish/Documents/call-for-cthulu/target/lib/poi-ooxml-schemas-4.0.1.jar
[[1;34mINFO[m] Copying junit-4.13.jar to /home/ankish/Documents/call-for-cthulu/target/lib/junit-4.13.jar
[[1;34mINFO[m] Copying opencsv-4.0.jar to /home/ankish/Documents/call-for-cthulu/target/lib/opencsv-4.0.jar
[[1;34mINFO[m] Copying commons-beanutils-1.9.3.jar to /home/ankish/Documents/call-for-cthulu/target/lib/commons-beanutils-1.9.3.jar
[[1;34mINFO[m] Copying commons-compress-1.18.jar to /home/ankish/Documents/call-for-cthulu/target/lib/commons-compress-1.18.jar
[[1;34mINFO[m] Copying commons-text-1.1.jar to /home/ankish/Documents/call-for-cthulu/target/lib/commons-text-1.1.jar
[[1;34mINFO[m] Copying junit-platform-surefire-provider-1.3.2.jar to /home/ankish/Documents/call-for-cthulu/target/lib/junit-platform-surefire-provider-1.3.2.jar
[[1;34mINFO[m] Copying xmlbeans-3.0.2.jar to /home/ankish/Documents/call-for-cthulu/target/lib/xmlbeans-3.0.2.jar
[[1;34mINFO[m] Copying opentest4j-1.2.0.jar to /home/ankish/Documents/call-for-cthulu/target/lib/opentest4j-1.2.0.jar
[[1;34mINFO[m] Copying junit-platform-commons-1.6.1.jar to /home/ankish/Documents/call-for-cthulu/target/lib/junit-platform-commons-1.6.1.jar
[[1;34mINFO[m] Copying poi-ooxml-4.0.1.jar to /home/ankish/Documents/call-for-cthulu/target/lib/poi-ooxml-4.0.1.jar
[[1;34mINFO[m] Copying commons-math3-3.6.1.jar to /home/ankish/Documents/call-for-cthulu/target/lib/commons-math3-3.6.1.jar
[[1;34mINFO[m] Copying junit-jupiter-engine-5.6.1.jar to /home/ankish/Documents/call-for-cthulu/target/lib/junit-jupiter-engine-5.6.1.jar
[[1;34mINFO[m] Copying hamcrest-core-1.3.jar to /home/ankish/Documents/call-for-cthulu/target/lib/hamcrest-core-1.3.jar
[[1;34mINFO[m] Copying junit-platform-launcher-1.3.2.jar to /home/ankish/Documents/call-for-cthulu/target/lib/junit-platform-launcher-1.3.2.jar
[[1;34mINFO[m] Copying commons-collections-3.2.2.jar to /home/ankish/Documents/call-for-cthulu/target/lib/commons-collections-3.2.2.jar
[[1;34mINFO[m] Copying junit-jupiter-api-5.6.1.jar to /home/ankish/Documents/call-for-cthulu/target/lib/junit-jupiter-api-5.6.1.jar
[[1;34mINFO[m] Copying commons-logging-1.2.jar to /home/ankish/Documents/call-for-cthulu/target/lib/commons-logging-1.2.jar
[[1;34mINFO[m] Copying common-java5-2.22.0.jar to /home/ankish/Documents/call-for-cthulu/target/lib/common-java5-2.22.0.jar
[[1;34mINFO[m] Copying commons-lang3-3.6.jar to /home/ankish/Documents/call-for-cthulu/target/lib/commons-lang3-3.6.jar
[[1;34mINFO[m] Copying commons-codec-1.11.jar to /home/ankish/Documents/call-for-cthulu/target/lib/commons-codec-1.11.jar
[[1;34mINFO[m] Copying curvesapi-1.05.jar to /home/ankish/Documents/call-for-cthulu/target/lib/curvesapi-1.05.jar
[[1;34mINFO[m] Copying surefire-api-2.22.0.jar to /home/ankish/Documents/call-for-cthulu/target/lib/surefire-api-2.22.0.jar
[[1;34mINFO[m] Copying junit-platform-engine-1.6.1.jar to /home/ankish/Documents/call-for-cthulu/target/lib/junit-platform-engine-1.6.1.jar
[[1;34mINFO[m] Copying commons-collections4-4.2.jar to /home/ankish/Documents/call-for-cthulu/target/lib/commons-collections4-4.2.jar
[[1;34mINFO[m] Copying apiguardian-api-1.0.0.jar to /home/ankish/Documents/call-for-cthulu/target/lib/apiguardian-api-1.0.0.jar
[[1;34mINFO[m] [1m------------------------------------------------------------------------[m
[[1;34mINFO[m] [1;32mBUILD SUCCESS[m
[[1;34mINFO[m] [1m------------------------------------------------------------------------[m
[[1;34mINFO[m] Total time:  12.392 s
[[1;34mINFO[m] Finished at: 2020-04-11T12:07:04+01:00
[[1;34mINFO[m] [1m------------------------------------------------------------------------[m
Running application...

Running Genetic Algorithm...
Creating Generation #1
Creating Generation #2
Creating Generation #3
Creating Generation #4
Creating Generation #5
Creating Generation #6
Creating Generation #7
Creating Generation #8
Creating Generation #9
Creating Generation #10
Creating Generation #11
Creating Generation #12
Creating Generation #13
Creating Generation #14
Creating Generation #15
Creating Generation #16
Creating Generation #17
Creating Generation #18
Creating Generation #19
Creating Generation #20
Creating Generation #21
Creating Generation #22
Creating Generation #23
Creating Generation #24
Creating Generation #25
Creating Generation #26
Creating Generation #27
Creating Generation #28
Creating Generation #29
Creating Generation #30
Creating Generation #31
Creating Generation #32
Creating Generation #33
Creating Generation #34
Creating Generation #35
Creating Generation #36
Creating Generation #37
Creating Generation #38
Creating Generation #39
Creating Generation #40
Creating Generation #41
Creating Generation #42
Creating Generation #43
Creating Generation #44
Creating Generation #45
Creating Generation #46
Creating Generation #47
Creating Generation #48
Creating Generation #49
Creating Generation #50
Creating Generation #51
Creating Generation #52
Creating Generation #53
Creating Generation #54
Creating Generation #55
Creating Generation #56
Creating Generation #57
Creating Generation #58
Creating Generation #59
Creating Generation #60
Creating Generation #61
Creating Generation #62
Creating Generation #63
Creating Generation #64
Creating Generation #65
Creating Generation #66
Creating Generation #67
Creating Generation #68
Creating Generation #69
Creating Generation #70
Creating Generation #71
Creating Generation #72
Creating Generation #73
Creating Generation #74
Creating Generation #75
Creating Generation #76
Creating Generation #77
Creating Generation #78
Creating Generation #79
Creating Generation #80
Creating Generation #81
Creating Generation #82
Creating Generation #83
Creating Generation #84
Creating Generation #85
Creating Generation #86
Creating Generation #87
Creating Generation #88
Creating Generation #89
Creating Generation #90
Creating Generation #91
Creating Generation #92
Creating Generation #93
Creating Generation #94
Creating Generation #95
Creating Generation #96
Creating Generation #97
Creating Generation #98
Creating Generation #99
Creating Generation #100
Creating Generation #101
Creating Generation #102
Creating Generation #103
Creating Generation #104
Creating Generation #105
Creating Generation #106
Creating Generation #107
Creating Generation #108
Creating Generation #109
Creating Generation #110
Creating Generation #111
Creating Generation #112
Creating Generation #113
Creating Generation #114
Creating Generation #115
Creating Generation #116
Creating Generation #117
Creating Generation #118
Creating Generation #119
Creating Generation #120
Creating Generation #121
Creating Generation #122
Creating Generation #123
Creating Generation #124
Creating Generation #125
Genetic Algorithm simulation complete.
1 : 27116785 : Stephan Jenkins : starring in romantic comedies
2 : 55453971 : James Thurber : ranting about liberals
3 : 90814465 : Jack White : drinking White Russians
4 : 90058987 : Adolf Hitler : spying for the CIA
5 : 67789958 : Bill Clinton : Research Activity
6 : 45893268 : Johnny Gruelle : punishing criminals
7 : 16539995 : Napoleon Bonepart : promoting hair products
8 : 77590096 : Lindsey Buckingham : pushing dodgy operating systems
9 : 93307957 : Harvey Firestone : teaching the next generation
10 : 19190307 : John Bonham : inventing time machines
11 : 16168608 : Robert Jr : singing to teenagers
12 : 82262751 : Joseph Wapner : running a large metropolitan city
13 : 87044387 : Dick Smothers : shopping for shoes
14 : 75841494 : Rutger Hauer : devising evil schemes
15 : 26881187 : Rick Warren : leading the rebel alliance
16 : 17706332 : Smokey Robinson : running an empire
17 : 91577922 : Delta Burke : evading mercenaries
18 : 69688638 : Dominique  : promoting racial harmony
19 : 35201293 : Jimmy Carter : creating dictionaries
20 : 36672626 : Mason Betha : unearthing ancient tombs
21 : 19647611 : Itzhak Perlman : telling dry jokes
22 : 62133126 : Eugene Ionesco : interviewing celebrities
23 : 77255081 : Spiro Agnew : hitting home runs
24 : 84857166 : Paul Ford : doing slapstick comedy
25 : 51999079 : Dan Castellaneta : guarding the galaxy
26 : 56363218 : Sally Raphael : enjoying salsa dancing
27 : 85079264 : Keefe Brasselle : planning assassinations
28 : 84475989 : Robert Urich : performing street magic
29 : 11600444 : Wassily Kandinsky : promoting conservative values
30 : 82061701 : Bishop Tutu : telling affable jokes
31 : 66615638 : Dwight Eisenhower : providing comic relief
32 : 67298442 : Eddie Fisher : developing new technologies
33 : 38031507 : Jane Froman : building rocket ships
34 : 52033548 : Montel Williams : writing pop songs
35 : 99104144 : Swain  : punching out Nazis
36 : 44275104 : George Gershwin : promoting nerd culture
37 : 85978332 : William Wellman : preventing crime
38 : 85575322 : Don Bendell : developing military strategies
39 : 10801065 : Ron Wood : representing criminals
40 : 26630755 : Bob Uecker : finding clues
41 : 96337187 : Erik Schrody : singing torch songs
42 : 80824140 : Schim Schimmel : killing murderers
43 : 56608309 : Leon Trotsky : singing country music
44 : 27920642 : Eddie Guerrero : starring in Hollywood movies
45 : 86415843 : Mickey Gilley : currying favour
46 : 13008637 : Rainn Wilson : painting self-portraits
47 : 67978906 : Sam Walton : chasing rabbits
48 : 84478730 : Howard Hughes : telling epic tales
49 : 44549523 : Simon Wiesenthal : studying science
50 : 65925222 : Cole Porter : betraying friends
51 : 57261142 : Charles Addams : convicting criminals
52 : 78192075 : Joe Montana : avoiding growing old
53 : 72416890 : James Brooks : running an empire
54 : 74694277 : Melissa Hart : writing legal fiction
55 : 59307166 : Sri Aurobindo : promoting conservative values
56 : 86893807 : Horatio Alger : performing household chores
57 : 40639258 : John Katz : promoting science
58 : 23499983 : Pat Morita : writing modern fiction
59 : 54934836 : Calvin Coolidge : causing mayhem
60 : 88379740 : Dan Jansen : seducing emperors
61 : 20481595 : Sarah Gellar : painting over photographs
62 : 10019012 : Bob Woodward : writing pop songs
63 : 34056154 : Patti LaBelle : playing basketball
64 : 75310556 : Mike Ditka : brokering peace deals
65 : 35939334 : Dick Cheney : studying mathematics
66 : 30337440 : Lindsey Buckingham : seeking revenge
67 : 15542463 : Dimebag Abbott : flaunting buttocks
68 : 24374397 : James Doohan : campaigning for social causes
69 : 42221675 : Jon Lee : going slowly mad
70 : 30893470 : Ian McKellen : terrorizing citizens
71 : 73019913 : William Wellman : getting run over by cars
72 : 27278356 : Bruce Catton : running an empire
73 : 94379501 : Norah Jones : ranting about liberals
74 : 88710364 : Abigail Breslin : avoiding responsibility
75 : 56623365 : David Sarnoff : playing pranks
76 : 65979794 : Deepak Chopra : enjoying ball-room dancing
77 : 98734755 : Peter OToole : wielding political power
78 : 39089664 : Julia Dreyfus : writing pop songs
79 : 35606326 : Cary Grant : looking after mother
80 : 41375181 : Natalie Portman : promoting feminism
81 : 88192190 : Vic Morrow : killing people in ingenious ways
82 : 71611622 : Ravi Shankar : spying on girls
83 : 51199910 : Al Unser : mass-producing cars
84 : 37348054 : Dewey Bunnell : wielding political power
85 : 79531933 : Ryan ONeal : reporting for The Daily Planet
86 : 20295354 : Bonnie Franklin : smiting frost giants
87 : 47898376 : Cole Sprouse : singing pop songs
88 : 81628469 : Jeff Goldblum : writing pop songs
89 : 88317641 : Rosanne Cash : writing experimental songs
90 : 61353451 : Manny Pacquiao : singing melancholy songs
91 : 25325479 : Louis Pasteur : singing country music
92 : 78684712 : Bjï¿½rn Ulvaeus : singing melancholy songs
93 : 85976002 : Bianca Jagger : singing country music
94 : 29408731 : Gummo Marx : fighting for the rebel alliance
95 : 39071045 : Madonna  : fighting for the rebel alliance
96 : 57592931 : Georges Bizet : singing melancholy songs
97 : 12682172 : Coolio  : starting thunderstorms
98 : 51488683 : Deion Sanders : preparing for war
99 : 10733566 : Jane Fonda : climbing social ladders
100 : 30850459 : Mel Ferrer : preparing for war
101 : 55530664 : Jackie Gleason : escaping from reality
102 : 41051986 : Ted Turner : writing pop songs
103 : 16558257 : Norman Jewison : escaping from reality
104 : 98211285 : Lady Gaga : deep-frying chicken
105 : 85294048 : Greg Morris : fighting for the rebel alliance
106 : 83581661 : Harry Morgan : studying economics
107 : 54992591 : Jakob Dylan : fighting for the rebel alliance
108 : 38418894 : Fay Wray : foiling the schemes of evil villains
109 : 29903504 : Brigitte Bardot : writing experimental songs
110 : 94495062 : Tom Smothers : writing pop songs
111 : 21842731 : Gwen Stefani : starting thunderstorms
112 : 64744365 : Michael Burger : writing pop songs
113 : 53320998 : Jack LaLanne : foiling the schemes of evil villains
114 : 66107622 : Neve Campbell : singing country music
115 : 54857667 : Wink Martindale : fighting for the rebel alliance
116 : 70481350 : Tom Jones : escaping from reality
117 : 82099751 : Dave Ramsey : singing melancholy songs
118 : 17532371 : Emmett Kelly : fighting for the rebel alliance
119 : 89968670 : Landon Donovan : escaping from reality
120 : 81127573 : Charles Koop : singing pop songs
121 : 54691486 : John Steinbeck : fighting for the rebel alliance
122 : 86375369 : William Gilbert : escaping from reality
123 : 37202244 : Craig Nelson : fighting for the rebel alliance
124 : 64825430 : Fred Astaire : singing pop songs
125 : 31557344 : Ron Palillo : singing country music
126 : 65992652 : Claire Bloom : building empires
127 : 26380520 : Wink Martindale : deep-frying chicken
128 : 46731657 : Christopher Walken : fighting for the rebel alliance
129 : 86388021 : Chris Cooper : escaping from reality
130 : 82601421 : George Dolenz : building empires
131 : 42102821 : Lon Chaney : fighting for the rebel alliance
132 : 76067230 : Ray Price : singing country music
133 : 36546503 : Carmen Miranda : escaping from reality
134 : 78372794 : Jimi Hendrix : making racist jibes
135 : 31156542 : Matthew Henson : singing country music
136 : 66260643 : Edmund Gwenn : making racist jibes
137 : 84970334 : Dylan Sprouse : building empires
138 : 20542697 : Mike Dirnt : singing pop songs
139 : 13446589 : Deng Xiaoping : singing country music
140 : 72251190 : Robert Ripley : climbing social ladders
141 : 47646239 : Perry Como : preparing for war
142 : 66473264 : Tom Poston : singing pop songs
143 : 36257161 : Tug McGraw : writing pop songs
144 : 18192313 : Thurgood Marshall : singing country music
145 : 83939283 : Tom Dreesen : writing experimental songs
146 : 43549836 : Al Gore : climbing social ladders
147 : 17276803 : Erma Bombeck : singing melancholy songs
148 : 12500044 : Archie Moore : preparing for war
149 : 65784348 : Howard Stern : fighting for the rebel alliance
150 : 21317810 : Jill Eikenberry : singing country music
151 : 24934495 : Paul Henreid : writing experimental songs
152 : 52989216 : Edward Steichen : writing experimental songs
153 : 74520155 : Sade  : starting thunderstorms
154 : 77778003 : Ben Affleck : preparing for war
155 : 57531628 : Randy Quaid : studying economics
156 : 76519633 : Snoop Dogg : writing pop songs
157 : 15053357 : Percy Shelley : foiling the schemes of evil villains
158 : 41727472 : Julia Dreyfus : climbing social ladders
159 : 12512315 : Karen Black : starting thunderstorms
160 : 45680648 : Steve Yzerman : fighting for the rebel alliance
161 : 49776135 : Andy Griffith : starting thunderstorms
162 : 60980198 : Clyde Tombaugh : escaping from reality
163 : 44410210 : Thomas Jefferson : singing pop songs
164 : 17739077 : Donna Reed : writing pop songs
165 : 97589798 : Eric Burdon : singing pop songs
166 : 81655435 : Henry Aaron : making racist jibes
167 : 38104963 : Don Everly : preparing for war
168 : 74256762 : George Marshall : writing pop songs
169 : 65864341 : Carol Kane : studying economics
170 : 16540542 : Jean Marsh : climbing social ladders
171 : 76367519 : Arthur Sullivan : climbing social ladders
172 : 99847274 : Jacqueline Susann : climbing social ladders
173 : 65860017 : Aisha Tyler : fighting for the rebel alliance
174 : 28518483 : Dale Carnegie : singing melancholy songs
175 : 89808002 : Harold Pinter : singing pop songs
176 : 30762912 : Lawrence Welk : climbing social ladders
177 : 94460266 : Harry Carrey : writing pop songs
178 : 20373681 : Brad Dourif : singing country music
179 : 86386434 : Carl Switzer : escaping from reality
180 : 66234298 : Martin Lawrence : building empires
181 : 81047185 : Jo Stafford : building empires
182 : 10099128 : Stevie Nicks : fighting for the rebel alliance
183 : 71696878 : Elijah Muhammad : singing pop songs
184 : 99271768 : Rod  : singing country music
185 : 92425959 : Danny Aiello : writing pop songs
186 : 88951028 : Peter Falk : making racist jibes
187 : 74515916 : Bix Beiderbecke : deep-frying chicken
188 : 88160451 : Jerry Springer : fighting for the rebel alliance
189 : 78288090 : Deion Sanders : building empires
190 : 44534064 : MoNique  : escaping from reality
191 : 37261977 : Lady Johnson : singing pop songs
192 : 81049524 : Bob Weir : singing melancholy songs
193 : 97828172 : Dave Evans : singing melancholy songs
194 : 65654192 : Catherine Deneuve : studying economics
195 : 98777403 : Anita ODay : foiling the schemes of evil villains
196 : 86201598 : Menachem Begin : climbing social ladders
197 : 60851017 : Lorin Maazel : writing pop songs
198 : 37175561 : Vanessa Minnillo : climbing social ladders
199 : 30356389 : Amy Poehler : foiling the schemes of evil villains
200 : 16255921 : George Romero : preparing for war
FITNESS OF FINAL SOLUTION: 391.0
